TN:
SF:src/controllers/book.ts
FN:6,(anonymous_8)
FN:10,(anonymous_9)
FN:27,(anonymous_10)
FN:31,(anonymous_11)
FNF:4
FNH:4
FNDA:2,(anonymous_8)
FNDA:2,(anonymous_9)
FNDA:2,(anonymous_10)
FNDA:2,(anonymous_11)
DA:1,1
DA:4,1
DA:6,1
DA:10,2
DA:11,2
DA:12,2
DA:13,1
DA:16,1
DA:18,1
DA:19,1
DA:20,1
DA:22,1
DA:23,1
DA:27,1
DA:31,2
DA:32,2
DA:33,2
DA:40,1
DA:43,1
DA:44,1
DA:45,1
DA:47,1
DA:48,1
DA:49,1
DA:50,1
DA:51,1
DA:52,1
DA:53,1
DA:54,1
DA:55,1
DA:56,1
DA:57,1
DA:58,1
DA:59,1
DA:60,1
DA:61,1
DA:62,1
DA:63,1
DA:68,1
DA:70,1
DA:71,1
DA:72,0
DA:74,1
DA:75,1
LF:44
LH:43
BRDA:19,0,0,1
BRDA:19,0,1,0
BRDA:33,1,0,1
BRDA:33,1,1,1
BRDA:35,2,0,2
BRDA:35,2,1,2
BRDA:35,2,2,2
BRDA:49,3,0,1
BRDA:49,3,1,0
BRDA:71,4,0,0
BRDA:71,4,1,1
BRF:11
BRH:8
end_of_record
TN:
SF:src/models/book.ts
FNF:0
FNH:0
DA:1,1
DA:2,1
DA:3,1
DA:6,1
DA:56,1
DA:58,1
DA:64,1
LF:7
LH:7
BRF:0
BRH:0
end_of_record
